<?xml version="1.0" encoding="UTF-8"?>
<!-- Generated by org.testng.reporters.JUnitReportReporter -->
<testsuite hostname="LAPTOP-SL2M9OBI" failures="0" tests="1" name="Hotcategories_Test" time="6.061" errors="0" timestamp="2022-05-17T00:10:45 BST" skipped="0">
  <testcase classname="Hotcategories_Test" name="HotCategories_Function" time="6.061"/>
  <system-out/>
</testsuite> <!-- Hotcategories_Test -->
