<?xml version="1.0" encoding="UTF-8"?>
<!-- Generated by org.testng.reporters.JUnitReportReporter -->
<testsuite hostname="LAPTOP-SL2M9OBI" failures="0" tests="1" name="categoryTest" time="9.601" errors="0" timestamp="2022-05-17T00:10:45 BST" skipped="0">
  <testcase classname="categoryTest" name="CategoryJobsFunction" time="9.601"/>
  <system-out/>
</testsuite> <!-- categoryTest -->
