<?xml version="1.0" encoding="UTF-8"?>
<!-- Generated by org.testng.reporters.JUnitReportReporter -->
<testsuite hostname="LAPTOP-SL2M9OBI" failures="0" tests="1" name="registerWithFacebookTest" time="12.284" errors="0" timestamp="2022-05-17T00:10:45 BST" skipped="0">
  <testcase classname="registerWithFacebookTest" name="RegisterWtihFacebook_Function" time="12.284"/>
  <system-out/>
</testsuite> <!-- registerWithFacebookTest -->
