<?xml version="1.0" encoding="UTF-8"?>
<!-- Generated by org.testng.reporters.JUnitReportReporter -->
<testsuite hostname="LAPTOP-SL2M9OBI" failures="0" tests="1" name="aboutCompanyTest" time="6.569" errors="0" timestamp="2022-05-17T00:10:45 BST" skipped="0">
  <testcase classname="aboutCompanyTest" name="aboutUsFunction" time="6.569"/>
  <system-out/>
</testsuite> <!-- aboutCompanyTest -->
