<?xml version="1.0" encoding="UTF-8"?>
<!-- Generated by org.testng.reporters.JUnitReportReporter -->
<testsuite hostname="LAPTOP-SL2M9OBI" failures="0" tests="1" name="loginTest" time="7.136" errors="0" timestamp="2022-05-17T00:10:45 BST" skipped="0">
  <testcase classname="loginTest" name="Login_Function" time="7.136"/>
  <system-out/>
</testsuite> <!-- loginTest -->
